<?xml version="1.0" encoding="UTF-8"?>
<robot generator="Robot 6.1.1 (Python 3.12.0 on win32)" generated="20231117 19:19:22.664" rpa="false" schemaversion="4">
<suite id="s1" name="Roboframework" source="C:\PoC\roboframework">
<suite id="s1-s1" name="Tests" source="C:\PoC\roboframework\tests">
<suite id="s1-s1-s1" name="Test" source="C:\PoC\roboframework\tests\test.robot">
<test id="s1-s1-s1-t1" name="Testing PoC" line="30">
<kw name="Load Browser" library="common">
<kw name="Open Browser" library="SeleniumLibrary">
<arg>${site}</arg>
<arg>${browser}</arg>
<doc>Opens a new browser instance to the optional ``url``.</doc>
<msg timestamp="20231117 19:19:25.641" level="INFO">Opening browser 'chrome' to base url 'https://opensource-demo.orangehrmlive.com'.</msg>
<status status="PASS" starttime="20231117 19:19:25.632" endtime="20231117 19:19:38.013"/>
</kw>
<kw name="Wait Until Element Is Visible" library="SeleniumLibrary">
<arg>${login_title_locator}</arg>
<doc>Waits until the element ``locator`` is visible.</doc>
<status status="PASS" starttime="20231117 19:19:38.017" endtime="20231117 19:19:39.438"/>
</kw>
<status status="PASS" starttime="20231117 19:19:25.624" endtime="20231117 19:19:39.440"/>
</kw>
<kw name="Login In" library="LoginPage">
<kw name="Set Variable" library="BuiltIn">
<var>${user_val}</var>
<arg>''</arg>
<doc>Returns the given values which can then be assigned to a variables.</doc>
<msg timestamp="20231117 19:19:39.453" level="INFO">${user_val} = ''</msg>
<status status="PASS" starttime="20231117 19:19:39.447" endtime="20231117 19:19:39.455"/>
</kw>
<if>
<branch type="IF" condition="${username} == ''">
<kw name="Set Variable" library="BuiltIn">
<var>${user_val}</var>
<arg>${username_data}</arg>
<doc>Returns the given values which can then be assigned to a variables.</doc>
<msg timestamp="20231117 19:19:39.471" level="INFO">${user_val} = Admin</msg>
<status status="PASS" starttime="20231117 19:19:39.464" endtime="20231117 19:19:39.473"/>
</kw>
<status status="PASS" starttime="20231117 19:19:39.459" endtime="20231117 19:19:39.478"/>
</branch>
<branch type="ELSE">
<kw name="Set Variable" library="BuiltIn">
<var>${user_val}</var>
<arg>${username}</arg>
<doc>Returns the given values which can then be assigned to a variables.</doc>
<status status="NOT RUN" starttime="20231117 19:19:39.490" endtime="20231117 19:19:39.495"/>
</kw>
<status status="NOT RUN" starttime="20231117 19:19:39.480" endtime="20231117 19:19:39.498"/>
</branch>
<status status="PASS" starttime="20231117 19:19:39.456" endtime="20231117 19:19:39.504"/>
</if>
<kw name="Set Variable" library="BuiltIn">
<var>${passw_val}</var>
<arg>''</arg>
<doc>Returns the given values which can then be assigned to a variables.</doc>
<msg timestamp="20231117 19:19:39.515" level="INFO">${passw_val} = ''</msg>
<status status="PASS" starttime="20231117 19:19:39.508" endtime="20231117 19:19:39.520"/>
</kw>
<if>
<branch type="IF" condition="${password} == ''">
<kw name="Set Variable" library="BuiltIn">
<var>${passw_val}</var>
<arg>${password_data}</arg>
<doc>Returns the given values which can then be assigned to a variables.</doc>
<msg timestamp="20231117 19:19:39.548" level="INFO">${passw_val} = admin123</msg>
<status status="PASS" starttime="20231117 19:19:39.528" endtime="20231117 19:19:39.551"/>
</kw>
<status status="PASS" starttime="20231117 19:19:39.523" endtime="20231117 19:19:39.554"/>
</branch>
<branch type="ELSE">
<kw name="Set Variable" library="BuiltIn">
<var>${passw_val}</var>
<arg>${password}</arg>
<doc>Returns the given values which can then be assigned to a variables.</doc>
<status status="NOT RUN" starttime="20231117 19:19:39.559" endtime="20231117 19:19:39.562"/>
</kw>
<status status="NOT RUN" starttime="20231117 19:19:39.555" endtime="20231117 19:19:39.564"/>
</branch>
<status status="PASS" starttime="20231117 19:19:39.523" endtime="20231117 19:19:39.569"/>
</if>
<kw name="Input Text" library="SeleniumLibrary">
<arg>${username_locator}</arg>
<arg>${user_val}</arg>
<doc>Types the given ``text`` into the text field identified by ``locator``.</doc>
<msg timestamp="20231117 19:19:39.579" level="INFO">Typing text 'Admin' into text field 'css: input[name=username]'.</msg>
<status status="PASS" starttime="20231117 19:19:39.572" endtime="20231117 19:19:39.949"/>
</kw>
<kw name="Input Password" library="SeleniumLibrary">
<arg>${password_locator}</arg>
<arg>${passw_val}</arg>
<doc>Types the given password into the text field identified by ``locator``.</doc>
<msg timestamp="20231117 19:19:39.959" level="INFO">Typing password into text field 'css: input[name=password]'.</msg>
<msg timestamp="20231117 19:19:40.143" level="INFO">Temporally setting log level to: NONE</msg>
<msg timestamp="20231117 19:19:40.305" level="INFO">Log level changed from NONE to INFO.</msg>
<status status="PASS" starttime="20231117 19:19:39.952" endtime="20231117 19:19:40.307"/>
</kw>
<kw name="Click Element" library="SeleniumLibrary">
<arg>${login_button_locator}</arg>
<doc>Click the element identified by ``locator``.</doc>
<msg timestamp="20231117 19:19:40.315" level="INFO">Clicking element 'css:button.orangehrm-login-button'.</msg>
<status status="PASS" starttime="20231117 19:19:40.310" endtime="20231117 19:19:41.815"/>
</kw>
<kw name="Wait Until Element Is Visible" library="SeleniumLibrary">
<arg>${menu_container}</arg>
<doc>Waits until the element ``locator`` is visible.</doc>
<status status="PASS" starttime="20231117 19:19:41.817" endtime="20231117 19:19:42.895"/>
</kw>
<status status="PASS" starttime="20231117 19:19:39.443" endtime="20231117 19:19:42.898"/>
</kw>
<kw name="Verify Profile is Displayed" library="LoginPage">
<kw name="Page Should Contain Element" library="SeleniumLibrary">
<arg>${profile_locator}</arg>
<arg>'The profile button is not displayed'</arg>
<doc>Verifies that element ``locator`` is found on the current page.</doc>
<msg timestamp="20231117 19:19:43.411" level="INFO">Current page contains element 'css:.oxd-userdropdown'.</msg>
<status status="PASS" starttime="20231117 19:19:42.913" endtime="20231117 19:19:43.413"/>
</kw>
<status status="PASS" starttime="20231117 19:19:42.909" endtime="20231117 19:19:43.415"/>
</kw>
<kw name="Menu Go To" library="Menu">
<arg>${Menu_Pim}</arg>
<kw name="Wait For the Menu" library="Menu">
<kw name="Wait Until Element Is Visible" library="SeleniumLibrary">
<arg>${menu_container}</arg>
<doc>Waits until the element ``locator`` is visible.</doc>
<status status="PASS" starttime="20231117 19:19:43.741" endtime="20231117 19:19:44.516"/>
</kw>
<status status="PASS" starttime="20231117 19:19:43.715" endtime="20231117 19:19:44.520"/>
</kw>
<kw name="Click Element" library="SeleniumLibrary">
<arg>${subMenu}</arg>
<doc>Click the element identified by ``locator``.</doc>
<msg timestamp="20231117 19:19:44.527" level="INFO">Clicking element 'xpath://nav[@aria-label='Sidepanel']//li[.//span[text()='PIM']]'.</msg>
<status status="PASS" starttime="20231117 19:19:44.522" endtime="20231117 19:19:46.298"/>
</kw>
<status status="PASS" starttime="20231117 19:19:43.696" endtime="20231117 19:19:46.300"/>
</kw>
<kw name="Generate Random" library="common">
<var>${userName}</var>
<arg>MISR</arg>
<msg timestamp="20231117 19:19:46.321" level="INFO">${userName} = MISR6599</msg>
<status status="PASS" starttime="20231117 19:19:46.317" endtime="20231117 19:19:46.322"/>
</kw>
<kw name="Create PIM User" library="PIMPage">
<arg>${userName}</arg>
<kw name="Click Element" library="SeleniumLibrary">
<arg>${add_button}</arg>
<doc>Click the element identified by ``locator``.</doc>
<msg timestamp="20231117 19:19:46.341" level="INFO">Clicking element '//button[text()=" Add "]'.</msg>
<msg timestamp="20231117 19:19:46.832" level="INFO" html="true">&lt;/td&gt;&lt;/tr&gt;&lt;tr&gt;&lt;td colspan="3"&gt;&lt;a href="selenium-screenshot-34.png"&gt;&lt;img src="selenium-screenshot-34.png" width="800px"&gt;&lt;/a&gt;</msg>
<msg timestamp="20231117 19:19:46.838" level="FAIL">Element with locator '//button[text()=" Add "]' not found.</msg>
<status status="FAIL" starttime="20231117 19:19:46.333" endtime="20231117 19:19:46.864"/>
</kw>
<kw name="Wait Until Page Contains Element" library="SeleniumLibrary">
<arg>${container_section}</arg>
<doc>Waits until the element ``locator`` appears on the current page.</doc>
<status status="NOT RUN" starttime="20231117 19:19:52.820" endtime="20231117 19:19:52.823"/>
</kw>
<kw name="Input Text" library="SeleniumLibrary">
<arg>${first_name_field}</arg>
<arg>${userName}</arg>
<doc>Types the given ``text`` into the text field identified by ``locator``.</doc>
<status status="NOT RUN" starttime="20231117 19:19:52.825" endtime="20231117 19:19:52.827"/>
</kw>
<kw name="Input Text" library="SeleniumLibrary">
<arg>${middle_name_field}</arg>
<arg>Middle Name</arg>
<doc>Types the given ``text`` into the text field identified by ``locator``.</doc>
<status status="NOT RUN" starttime="20231117 19:19:52.830" endtime="20231117 19:19:52.831"/>
</kw>
<kw name="Input Text" library="SeleniumLibrary">
<arg>${last_name_field}</arg>
<arg>Last Name</arg>
<doc>Types the given ``text`` into the text field identified by ``locator``.</doc>
<status status="NOT RUN" starttime="20231117 19:19:52.834" endtime="20231117 19:19:52.837"/>
</kw>
<kw name="Click Element" library="SeleniumLibrary">
<arg>${create_login_details_switch}</arg>
<doc>Click the element identified by ``locator``.</doc>
<status status="NOT RUN" starttime="20231117 19:19:52.839" endtime="20231117 19:19:52.841"/>
</kw>
<kw name="Input Text" library="SeleniumLibrary">
<arg>${username_field}</arg>
<arg>${userName}</arg>
<doc>Types the given ``text`` into the text field identified by ``locator``.</doc>
<status status="NOT RUN" starttime="20231117 19:19:52.843" endtime="20231117 19:19:52.845"/>
</kw>
<kw name="Input Text" library="SeleniumLibrary">
<arg>${password_field}</arg>
<arg>Abc123@\$</arg>
<doc>Types the given ``text`` into the text field identified by ``locator``.</doc>
<status status="NOT RUN" starttime="20231117 19:19:52.847" endtime="20231117 19:19:52.849"/>
</kw>
<kw name="Input Text" library="SeleniumLibrary">
<arg>${confirm_password_field}</arg>
<arg>Abc123@\$</arg>
<doc>Types the given ``text`` into the text field identified by ``locator``.</doc>
<status status="NOT RUN" starttime="20231117 19:19:52.851" endtime="20231117 19:19:52.861"/>
</kw>
<kw name="Click Element" library="SeleniumLibrary">
<arg>${employee_save_button}</arg>
<doc>Click the element identified by ``locator``.</doc>
<status status="NOT RUN" starttime="20231117 19:19:52.862" endtime="20231117 19:19:52.879"/>
</kw>
<status status="FAIL" starttime="20231117 19:19:46.327" endtime="20231117 19:19:52.882"/>
</kw>
<kw name="Menu Go To" library="Menu">
<arg>${Menu_Admin}</arg>
<status status="NOT RUN" starttime="20231117 19:19:53.881" endtime="20231117 19:19:53.884"/>
</kw>
<kw name="Menu is Selected" library="Menu">
<arg>${Menu_Admin}</arg>
<status status="NOT RUN" starttime="20231117 19:19:53.911" endtime="20231117 19:19:53.913"/>
</kw>
<kw name="Select Row From Table With" library="AdminPage">
<arg>${userName},ESS,${userName} Last Name,Enabled</arg>
<status status="NOT RUN" starttime="20231117 19:19:53.922" endtime="20231117 19:19:53.924"/>
</kw>
<kw name="Close Browser" library="SeleniumLibrary">
<doc>Closes the current browser.</doc>
<status status="NOT RUN" starttime="20231117 19:19:53.928" endtime="20231117 19:19:53.930"/>
</kw>
<kw name="Close Browser" library="SeleniumLibrary">
<doc>Closes the current browser.</doc>
<status status="NOT RUN" starttime="20231117 19:19:53.946" endtime="20231117 19:19:53.948"/>
</kw>
<doc>Open and login to opensource-demo.orangehrmlive.com</doc>
<tag>smoke_test</tag>
<status status="FAIL" starttime="20231117 19:19:25.605" endtime="20231117 19:19:53.955">Element with locator '//button[text()=" Add "]' not found.</status>
</test>
<doc>Page object in Robot Framework</doc>
<status status="FAIL" starttime="20231117 19:19:23.209" endtime="20231117 19:19:53.976"/>
</suite>
<status status="FAIL" starttime="20231117 19:19:23.181" endtime="20231117 19:19:54.000"/>
</suite>
<status status="FAIL" starttime="20231117 19:19:22.881" endtime="20231117 19:19:54.015"/>
</suite>
<statistics>
<total>
<stat pass="0" fail="1" skip="0">All Tests</stat>
</total>
<tag>
<stat pass="0" fail="1" skip="0">smoke_test</stat>
</tag>
<suite>
<stat pass="0" fail="1" skip="0" id="s1" name="Roboframework">Roboframework</stat>
<stat pass="0" fail="1" skip="0" id="s1-s1" name="Tests">Roboframework.Tests</stat>
<stat pass="0" fail="1" skip="0" id="s1-s1-s1" name="Test">Roboframework.Tests.Test</stat>
</suite>
</statistics>
<errors>
</errors>
</robot>
